{"C:\\Users\\91745\\Desktop\\altcampus\\Advanced-javascript\\TA-JS-advanced-dom-and-test-TJaaan\\block-BJaajc\\index.js": {"path":"C:\\Users\\91745\\Desktop\\altcampus\\Advanced-javascript\\TA-JS-advanced-dom-and-test-TJaaan\\block-BJaajc\\index.js","statementMap":{"0":{"start":{"line":5,"column":4},"end":{"line":5,"column":37}},"1":{"start":{"line":14,"column":21},"end":{"line":14,"column":34}},"2":{"start":{"line":17,"column":2},"end":{"line":17,"column":60}},"3":{"start":{"line":28,"column":26},"end":{"line":28,"column":58}},"4":{"start":{"line":31,"column":4},"end":{"line":31,"column":25}},"5":{"start":{"line":37,"column":17},"end":{"line":37,"column":58}},"6":{"start":{"line":40,"column":4},"end":{"line":40,"column":16}},"7":{"start":{"line":42,"column":0},"end":{"line":47,"column":1}}},"fnMap":{"0":{"name":"getFullName","decl":{"start":{"line":4,"column":9},"end":{"line":4,"column":20}},"loc":{"start":{"line":4,"column":41},"end":{"line":6,"column":1}},"line":4},"1":{"name":"isPalindrome","decl":{"start":{"line":12,"column":9},"end":{"line":12,"column":21}},"loc":{"start":{"line":12,"column":29},"end":{"line":18,"column":3}},"line":12},"2":{"name":"getCircumference","decl":{"start":{"line":26,"column":9},"end":{"line":26,"column":25}},"loc":{"start":{"line":26,"column":34},"end":{"line":32,"column":3}},"line":26},"3":{"name":"getArea","decl":{"start":{"line":35,"column":11},"end":{"line":35,"column":18}},"loc":{"start":{"line":35,"column":27},"end":{"line":41,"column":3}},"line":35}},"branchMap":{},"s":{"0":6,"1":6,"2":6,"3":6,"4":6,"5":6,"6":6,"7":1},"f":{"0":6,"1":6,"2":6,"3":6},"b":{},"_coverageSchema":"1a1c01bbd47fc00a2c39e90264f33305004495a9","hash":"70384ca2e6d6d559b198cdbfec969df6f2234227"}
}
